Arguments: 
  C:\PROGRAM FILES\NODEJS\node.exe C:\PROGRAM FILES (X86)\YARN\BIN\yarn.js init

PATH: 
  C:\Users\Axis\bin;C:\Program Files\Git\mingw64\bin;C:\Program Files\Git\usr\local\bin;C:\Program Files\Git\usr\bin;C:\Program Files\Git\usr\bin;C:\Program Files\Git\mingw64\bin;C:\Program Files\Git\usr\bin;C:\Users\Axis\bin;C:\PROGRAM FILES (X86)\COMMON FILES\ORACLE\JAVA\JAVAPATH;C:\PROGRAMDATA\ORACLE\JAVA\JAVAPATH;C:\PROGRAM FILES (X86)\INTEL\ICLS CLIENT;C:\PROGRAM FILES\INTEL\ICLS CLIENT;C:\WINDOWS\SYSTEM32;C:\WINDOWS;C:\WINDOWS\SYSTEM32\WBEM;C:\WINDOWS\SYSTEM32\WINDOWSPOWERSHELL\V1.0;C:\PROGRAM FILES\INTEL\INTEL(R) MANAGEMENT ENGINE COMPONENTS\DAL;C:\PROGRAM FILES\INTEL\INTEL(R) MANAGEMENT ENGINE COMPONENTS\IPT;C:\PROGRAM FILES (X86)\INTEL\INTEL(R) MANAGEMENT ENGINE COMPONENTS\DAL;C:\PROGRAM FILES (X86)\INTEL\INTEL(R) MANAGEMENT ENGINE COMPONENTS\IPT;C:\PROGRAM FILES\SAMSUNG\ALLSHARE FRAMEWORK DMS\1.3.23;C:\PROGRAM FILES\SAMSUNG\ALLSHARE FRAMEWORK DMS\1.3.23\64BIT;C:\PROGRAM FILES\MICROSOFT SQL SERVER\110\TOOLS\BINN;C:\PROGRAM FILES (X86)\QUICKTIME\QTSYSTEM;C:\PROGRAM FILES\GIT\CMD;C:\PROGRAM FILES (X86)\NVIDIA CORPORATION\PHYSX\COMMON;C:\PROGRAM FILES\MICROSOFT VS CODE\BIN;C:\PROGRAM FILES (X86)\YARN\BIN;C:\PROGRAM FILES\NODEJS;C:\WINDOWS\system32;C:\WINDOWS;C:\WINDOWS\System32\Wbem;C:\WINDOWS\System32\WindowsPowerShell\v1.0;C:\WINDOWS\System32\OpenSSH;C:\Program Files\NVIDIA Corporation\NVIDIA NvDLISR;C:\Program Files\Microsoft VS Code\bin;C:\Users\Axis\AppData\Local\Yarn\bin;C:\Users\Axis\AppData\Roaming\npm;%USERPROFILE%\AppData\Local\Microsoft\WindowsApps;C:\Program Files\Git\usr\bin\vendor_perl;C:\Program Files\Git\usr\bin\core_perl

Yarn version: 
  1.9.4

Node version: 
  10.11.0

Platform: 
  win32 x64

Trace: 
  Error: canceled
      at Interface.<anonymous> (C:\PROGRAM FILES (X86)\YARN\lib\cli.js:126002:13)
      at Interface.emit (events.js:182:13)
      at Interface._ttyWrite (readline.js:783:16)
      at ReadStream.onkeypress (readline.js:168:10)
      at ReadStream.emit (events.js:182:13)
      at emitKeys (internal/readline.js:424:14)
      at emitKeys.next (<anonymous>)
      at ReadStream.onData (readline.js:1022:36)
      at ReadStream.emit (events.js:182:13)
      at addChunk (_stream_readable.js:283:12)

npm manifest: 
  No manifest

yarn manifest: 
  No manifest

Lockfile: 
  No lockfile
